<?xml version="1.0" encoding="UTF-8"?>
<testsuites name="jest tests" tests="1" failures="0" errors="0" time="4.432">
  <testsuite name="REVIEW_v_2" errors="0" failures="0" skipped="0" timestamp="2024-04-30T20:12:53" time="4.276" tests="1">
    <testcase classname="REVIEW_v_2 create review" name="REVIEW_v_2 create review" time="0.859">
    </testcase>
  </testsuite>
</testsuites>