<?xml version="1.0" encoding="UTF-8"?>
<testsuites name="jest tests" tests="4" failures="0" errors="0" time="4.883">
  <testsuite name="simple math functions" errors="0" failures="0" skipped="0" timestamp="2024-04-27T03:36:13" time="4.644" tests="4">
    <testcase classname="simple math functions verify sum" name="simple math functions verify sum" time="0.004">
    </testcase>
    <testcase classname="simple math functions verify diff" name="simple math functions verify diff" time="0">
    </testcase>
    <testcase classname="simple math functions verify mult" name="simple math functions verify mult" time="0">
    </testcase>
    <testcase classname="simple math functions verify div" name="simple math functions verify div" time="0">
    </testcase>
  </testsuite>
</testsuites>